{
  "RSpec": {
    "coverage": {
      "/Users/danielkaufman/code/ls_trivia/config/environment.rb": [
        null,
        1,
        1,
        null,
        1
      ],
      "/Users/danielkaufman/code/ls_trivia/config/application.rb": [
        1,
        null,
        1,
        null,
        1,
        null,
        1,
        null,
        null,
        null,
        null,
        1,
        1,
        null,
        null,
        null,
        null,
        null,
        null,
        null,
        null,
        null,
        null,
        null,
        null,
        null,
        null,
        null,
        null,
        null,
        null,
        null,
        null,
        null,
        null,
        null,
        1,
        null,
        null,
        1,
        null,
        null,
        null,
        null,
        null,
        null,
        null,
        null,
        null,
        null,
        1,
        null,
        null,
        1,
        null,
        null,
        1,
        null,
        null
      ],
      "/Users/danielkaufman/code/ls_trivia/config/boot.rb": [
        1,
        null,
        null,
        1,
        null,
        1
      ],
      "/Users/danielkaufman/code/ls_trivia/config/environments/test.rb": [
        1,
        null,
        null,
        null,
        null,
        null,
        null,
        1,
        null,
        null,
        1,
        1,
        null,
        null,
        1,
        null,
        null,
        1,
        1,
        null,
        null,
        1,
        null,
        null,
        1,
        null,
        null,
        null,
        null,
        1,
        null,
        null,
        1,
        null,
        null,
        1,
        null
      ],
      "/Users/danielkaufman/code/ls_trivia/config/initializers/backtrace_silencers.rb": [
        null,
        null,
        null,
        null,
        null,
        null,
        null
      ],
      "/Users/danielkaufman/code/ls_trivia/config/initializers/inflections.rb": [
        null,
        null,
        null,
        null,
        null,
        null,
        null,
        null,
        null,
        null,
        null,
        null,
        null,
        null,
        null
      ],
      "/Users/danielkaufman/code/ls_trivia/config/initializers/mime_types.rb": [
        null,
        null,
        null,
        null,
        null
      ],
      "/Users/danielkaufman/code/ls_trivia/config/initializers/mustache_template_handler.rb": [
        1,
        1,
        1,
        null,
        null,
        null,
        1
      ],
      "/Users/danielkaufman/code/ls_trivia/config/initializers/pusher.rb": [
        1,
        1,
        1
      ],
      "/Users/danielkaufman/code/ls_trivia/config/initializers/secret_token.rb": [
        null,
        null,
        null,
        null,
        null,
        null,
        1
      ],
      "/Users/danielkaufman/code/ls_trivia/config/initializers/session_store.rb": [
        null,
        null,
        1,
        null,
        null,
        null,
        null,
        null
      ],
      "/Users/danielkaufman/code/ls_trivia/config/initializers/simple_form.rb": [
        null,
        1,
        null,
        null,
        null,
        null,
        null,
        1,
        null,
        null,
        null,
        null,
        null,
        null,
        null,
        null,
        null,
        1,
        null,
        null,
        null,
        1,
        null,
        null,
        null,
        null,
        null,
        null,
        null,
        null,
        1,
        null,
        null,
        1,
        null,
        null,
        1,
        null,
        null,
        1,
        null,
        null,
        1,
        1,
        1,
        null,
        null,
        null,
        1,
        null,
        null,
        null,
        null,
        null,
        1,
        null,
        null,
        1,
        null,
        null,
        null,
        null,
        null,
        null,
        null,
        1,
        null,
        null,
        1,
        null,
        null,
        null,
        null,
        null,
        null,
        null,
        null,
        null,
        null,
        null,
        null,
        null,
        null,
        null,
        null,
        null,
        null,
        null,
        null,
        null,
        null,
        null,
        null,
        null,
        null,
        null,
        null,
        1,
        null,
        null,
        null,
        null,
        null,
        null,
        null,
        null,
        null,
        null,
        null,
        null,
        1,
        null,
        null,
        null,
        null,
        null,
        null,
        null,
        null,
        null,
        null,
        null,
        null,
        null,
        null,
        null,
        null,
        null,
        null,
        null,
        null,
        null,
        null,
        null,
        null,
        null,
        null,
        null
      ],
      "/Users/danielkaufman/code/ls_trivia/config/initializers/wrap_parameters.rb": [
        null,
        null,
        null,
        null,
        null,
        null,
        1,
        1,
        null,
        null,
        null,
        1,
        1,
        null
      ],
      "/Users/danielkaufman/code/ls_trivia/app/controllers/api/games_controller.rb": [
        1,
        1,
        null,
        1,
        12,
        null,
        null
      ],
      "/Users/danielkaufman/code/ls_trivia/app/controllers/application_controller.rb": [
        1,
        1,
        null,
        1,
        2,
        2,
        null,
        null,
        1,
        4,
        null,
        null
      ],
      "/Users/danielkaufman/code/ls_trivia/app/helpers/application_helper.rb": [
        1,
        null
      ],
      "/Users/danielkaufman/code/ls_trivia/app/helpers/games_helper.rb": [
        1,
        null
      ],
      "/Users/danielkaufman/code/ls_trivia/app/helpers/teams_helper.rb": [
        1,
        null
      ],
      "/Users/danielkaufman/code/ls_trivia/app/models/game.rb": [
        1,
        1,
        1,
        1,
        null,
        1,
        1,
        null,
        1,
        18,
        null,
        null,
        1,
        18,
        null,
        null,
        1,
        171,
        null,
        null,
        1,
        7,
        null,
        null,
        1,
        4,
        4,
        4,
        null,
        null,
        1,
        6,
        6,
        6,
        null,
        null,
        1,
        21,
        null,
        null,
        null,
        null,
        1,
        108,
        null,
        100,
        1,
        null,
        null,
        null
      ],
      "/Users/danielkaufman/code/ls_trivia/app/controllers/api/past_games_controller.rb": [
        1,
        1,
        null,
        null,
        null,
        null,
        null,
        null,
        null
      ],
      "/Users/danielkaufman/code/ls_trivia/app/controllers/api/pending_games_controller.rb": [
        1,
        1,
        null,
        null,
        null,
        null,
        null,
        null
      ],
      "/Users/danielkaufman/code/ls_trivia/app/controllers/api/questions_controller.rb": [
        1,
        1,
        null,
        1,
        5,
        null,
        null,
        1,
        1,
        null,
        null,
        1,
        0,
        null,
        null,
        1,
        1,
        1,
        null,
        null
      ],
      "/Users/danielkaufman/code/ls_trivia/app/models/question.rb": [
        1,
        1,
        1,
        1,
        null,
        1,
        1,
        1,
        null,
        1,
        99,
        9,
        9,
        9,
        null,
        null,
        1,
        23,
        null,
        null,
        1,
        11,
        null,
        null,
        1,
        2,
        null,
        null,
        1,
        122,
        null,
        null,
        1,
        10,
        10,
        null,
        null
      ],
      "/Users/danielkaufman/code/ls_trivia/app/controllers/api/responses_controller.rb": [
        1,
        1,
        null,
        1,
        0,
        0,
        0,
        0,
        0,
        null,
        0,
        null,
        null,
        null,
        1,
        0,
        0,
        null,
        null,
        1,
        0,
        0,
        0,
        null,
        null
      ],
      "/Users/danielkaufman/code/ls_trivia/app/models/response.rb": [
        1,
        1,
        1,
        1,
        null,
        1,
        null,
        1,
        2,
        2,
        2,
        2,
        2,
        2,
        null,
        null,
        1,
        0,
        null,
        null,
        1,
        1,
        1,
        null,
        null
      ],
      "/Users/danielkaufman/code/ls_trivia/app/controllers/api/teams_controller.rb": [
        1,
        1,
        null,
        1,
        0,
        null,
        null,
        1,
        4,
        null,
        null,
        1,
        2,
        2,
        2,
        2,
        2,
        2,
        null,
        0,
        null,
        null,
        null
      ],
      "/Users/danielkaufman/code/ls_trivia/app/models/team.rb": [
        1,
        1,
        1,
        1,
        null,
        1,
        1,
        1,
        null,
        1,
        1,
        null,
        null,
        1,
        1,
        null,
        null,
        1,
        2,
        null,
        null,
        1,
        null,
        1,
        13,
        null,
        null
      ],
      "/Users/danielkaufman/code/ls_trivia/app/controllers/dashboards_controller.rb": [
        1,
        1,
        24,
        10,
        null,
        14,
        14,
        14,
        null,
        null,
        null
      ],
      "/Users/danielkaufman/code/ls_trivia/app/controllers/games_controller.rb": [
        1,
        1,
        3,
        null,
        3,
        1,
        null,
        2,
        2,
        2,
        2,
        null,
        null,
        null,
        1,
        2,
        2,
        2,
        null,
        null
      ],
      "/Users/danielkaufman/code/ls_trivia/app/controllers/pages_controller.rb": [
        1,
        1,
        5,
        5,
        null,
        null
      ],
      "/Users/danielkaufman/code/ls_trivia/app/controllers/pending_games_controller.rb": [
        1,
        1,
        2,
        2,
        2,
        null,
        null,
        null
      ],
      "/Users/danielkaufman/code/ls_trivia/app/controllers/questions_controller.rb": [
        1,
        1,
        null,
        1,
        3,
        3,
        null,
        null,
        1,
        3,
        3,
        3,
        2,
        null,
        1,
        null,
        null,
        null,
        null
      ],
      "/Users/danielkaufman/code/ls_trivia/app/controllers/teams_controller.rb": [
        1,
        1,
        0,
        0,
        0,
        0,
        0,
        null,
        0,
        null,
        null,
        null
      ],
      "/Users/danielkaufman/code/ls_trivia/spec/factories/games.rb": [
        1,
        1,
        94,
        null,
        null,
        1,
        null,
        1,
        1,
        null,
        null,
        1,
        1,
        null,
        null,
        1,
        1,
        11,
        null,
        null,
        null
      ],
      "/Users/danielkaufman/code/ls_trivia/spec/factories/questions.rb": [
        null,
        null,
        1,
        1,
        121,
        121,
        121,
        8,
        null,
        null
      ],
      "/Users/danielkaufman/code/ls_trivia/spec/factories/responses.rb": [
        null,
        null,
        1,
        1,
        9,
        3,
        8,
        1,
        null,
        null
      ],
      "/Users/danielkaufman/code/ls_trivia/spec/factories/teams.rb": [
        null,
        null,
        1,
        1,
        10,
        5,
        null,
        null
      ],
      "/Users/danielkaufman/code/ls_trivia/config/routes.rb": [
        1,
        1,
        1,
        1,
        1,
        null,
        1,
        1,
        1,
        1,
        1,
        null,
        1,
        1,
        1,
        null,
        null,
        null,
        null,
        null,
        null,
        1,
        1,
        1,
        1,
        null,
        null,
        1,
        null,
        null,
        1,
        1,
        null,
        1,
        1,
        1,
        null,
        1,
        null,
        null,
        1,
        1,
        null,
        1,
        null
      ],
      "/Users/danielkaufman/code/ls_trivia/spec/controllers/teams_controller_spec.rb": [
        1,
        null,
        1,
        null,
        null
      ],
      "/Users/danielkaufman/code/ls_trivia/spec/models/game_spec.rb": [
        1,
        null,
        1,
        1,
        1,
        1,
        1,
        null,
        null,
        1,
        2,
        null,
        null,
        1,
        1,
        1,
        null,
        null,
        1,
        1,
        2,
        null,
        null,
        null,
        1,
        3,
        1,
        1,
        null,
        null,
        1,
        1,
        1,
        null,
        null,
        null,
        1,
        3,
        1,
        1,
        null,
        null,
        1,
        1,
        1,
        null,
        null,
        null,
        1,
        1,
        1,
        1,
        null,
        null,
        null,
        1,
        3,
        1,
        1,
        1,
        1,
        null,
        null,
        1,
        1,
        1,
        null,
        null,
        null,
        1,
        3,
        3,
        1,
        1,
        1,
        null,
        null,
        1,
        1,
        1,
        null,
        null,
        null,
        1,
        2,
        2,
        1,
        1,
        1,
        1,
        null,
        null,
        null,
        1,
        2,
        2,
        1,
        1,
        null,
        null,
        null
      ],
      "/Users/danielkaufman/code/ls_trivia/spec/models/question_spec.rb": [
        1,
        null,
        1,
        1,
        1,
        1,
        null,
        null,
        1,
        3,
        1,
        1,
        1,
        1,
        null,
        1,
        1,
        null,
        null,
        null,
        1,
        4,
        1,
        3,
        3,
        3,
        3,
        null,
        1,
        1,
        null,
        null,
        1,
        1,
        null,
        null,
        1,
        1,
        1,
        null,
        null,
        null,
        1,
        1,
        2,
        1,
        1,
        null,
        null,
        null,
        1,
        2,
        1,
        1,
        null,
        null,
        null,
        null,
        1,
        2,
        2,
        1,
        1,
        1,
        null,
        null,
        null,
        1,
        1,
        1,
        1,
        1,
        null,
        null,
        null,
        1,
        1,
        1,
        1,
        null,
        null,
        null
      ],
      "/Users/danielkaufman/code/ls_trivia/spec/models/response_spec.rb": [
        1,
        null,
        1,
        1,
        1,
        1,
        1,
        null,
        null,
        1,
        1,
        1,
        1,
        null,
        null,
        1,
        3,
        3,
        3,
        1,
        1,
        1,
        1,
        1,
        1,
        1,
        null,
        null,
        1,
        1,
        1,
        null,
        null,
        null,
        1,
        1,
        1,
        1,
        1,
        null,
        null,
        null
      ],
      "/Users/danielkaufman/code/ls_trivia/spec/models/team_spec.rb": [
        1,
        null,
        1,
        1,
        2,
        1,
        1,
        1,
        1,
        1,
        1,
        null,
        null,
        null,
        1,
        1,
        1,
        1,
        1,
        null,
        null,
        null,
        1,
        1,
        1,
        1,
        1,
        null,
        1,
        null,
        null,
        null
      ],
      "/Users/danielkaufman/code/ls_trivia/spec/requests/api/games_spec.rb": [
        1,
        null,
        1,
        1,
        2,
        1,
        1,
        1,
        null,
        null,
        null
      ],
      "/Users/danielkaufman/code/ls_trivia/spec/requests/api/questions_spec.rb": [
        1,
        null,
        1,
        1,
        3,
        1,
        2,
        2,
        null,
        null,
        1,
        1,
        null,
        null,
        1,
        1,
        null,
        null,
        null,
        null
      ],
      "/Users/danielkaufman/code/ls_trivia/spec/requests/api/teams_spec.rb": [
        1,
        null,
        null,
        1,
        1,
        2,
        1,
        null,
        null,
        null,
        null,
        1,
        1,
        null,
        null,
        null,
        null,
        null
      ],
      "/Users/danielkaufman/code/ls_trivia/spec/requests/dashboard_spec.rb": [
        1,
        null,
        1,
        1,
        1,
        2,
        2,
        1,
        1,
        10,
        null,
        null,
        null,
        null,
        1,
        3,
        3,
        3,
        null,
        1,
        1,
        null,
        null,
        1,
        1,
        null,
        null,
        null,
        null,
        1,
        4,
        1,
        1,
        1,
        1,
        1,
        1,
        1,
        null,
        null,
        null,
        1,
        1,
        1,
        4,
        null,
        null,
        1,
        1,
        1,
        1,
        1,
        null,
        null,
        null,
        null,
        1,
        3,
        1,
        2,
        2,
        2,
        null,
        1,
        1,
        null,
        1,
        1,
        null,
        null,
        null,
        1,
        3,
        1,
        2,
        2,
        2,
        null,
        1,
        1,
        null,
        1,
        1,
        null,
        null,
        null,
        1,
        4,
        1,
        3,
        3,
        null,
        null,
        1,
        1,
        2,
        2,
        2,
        null,
        1,
        4,
        null,
        null,
        1,
        1,
        1,
        1,
        null,
        null,
        null,
        null,
        1,
        1,
        1,
        1,
        1,
        1,
        1,
        null,
        null,
        null,
        null,
        null,
        1,
        5,
        5,
        null,
        1,
        1,
        10,
        null,
        null,
        null,
        1,
        1,
        2,
        2,
        null,
        null,
        1,
        1,
        null,
        null,
        1,
        1,
        null,
        null,
        null,
        1,
        1,
        1,
        1,
        1,
        1,
        1,
        1,
        null,
        null,
        1,
        1,
        null,
        null,
        null
      ],
      "/Users/danielkaufman/code/ls_trivia/spec/requests/player_spec.rb": [
        1,
        null,
        1,
        1,
        4,
        1,
        1,
        1,
        1,
        1,
        null,
        null,
        1,
        1,
        1,
        1,
        1,
        2,
        null,
        1,
        1,
        1,
        1,
        null,
        null,
        null,
        1,
        2,
        1,
        1,
        1,
        1,
        1,
        null,
        null,
        null,
        null,
        1,
        1,
        1,
        0,
        null,
        null,
        null,
        1,
        2,
        1,
        1,
        1,
        1,
        1,
        1,
        null,
        null,
        1,
        2,
        1,
        1,
        0,
        0,
        0,
        0,
        0,
        null,
        null,
        null,
        null
      ]
    },
    "timestamp": 1340742564
  }
}
